# JRE version: Java(TM) SE Runtime Environment (8.0_191-b12) (build 1.8.0_191-b12)
# Java VM: Java HotSpot(TM) 64-Bit Server VM (25.191-b12 mixed mode linux-amd64 compressed oops)
Heap:
 PSYoungGen      total 139264K, used 0K [0x000000076d180000, 0x000000077e180000, 0x00000007c0000000)
  eden space 129024K, 0% used [0x000000076d180000,0x000000076d180000,0x0000000774f80000)
  from space 10240K, 0% used [0x0000000774f80000,0x0000000774f80000,0x0000000775980000)
  to   space 10240K, 0% used [0x000000077d780000,0x000000077d780000,0x000000077e180000)
 ParOldGen       total 1305600K, used 1057717K [0x00000006c7400000, 0x0000000716f00000, 0x000000076d180000)
  object space 1305600K, 81% used [0x00000006c7400000,0x0000000707ced740,0x0000000716f00000)
 Metaspace       used 6330K, capacity 6448K, committed 6784K, reserved 1056768K
  class space    used 752K, capacity 784K, committed 896K, reserved 1048576K
GC Heap History (8 events):
Event: 0.324 GC heap before
{Heap before GC invocations=1 (full 0):
 PSYoungGen      total 74752K, used 64512K [0x000000076d180000, 0x0000000772480000, 0x00000007c0000000)
  eden space 64512K, 100% used [0x000000076d180000,0x0000000771080000,0x0000000771080000)
  from space 10240K, 0% used [0x0000000771a80000,0x0000000771a80000,0x0000000772480000)
  to   space 10240K, 0% used [0x0000000771080000,0x0000000771080000,0x0000000771a80000)
 ParOldGen       total 171008K, used 98304K [0x00000006c7400000, 0x00000006d1b00000, 0x000000076d180000)
  object space 171008K, 57% used [0x00000006c7400000,0x00000006cd400020,0x00000006d1b00000)
 Metaspace       used 6284K, capacity 6352K, committed 6400K, reserved 1056768K
  class space    used 746K, capacity 752K, committed 768K, reserved 1048576K
Event: 0.350 GC heap after
Heap after GC invocations=1 (full 0):
 PSYoungGen      total 74752K, used 10229K [0x000000076d180000, 0x0000000776380000, 0x00000007c0000000)
  eden space 64512K, 0% used [0x000000076d180000,0x000000076d180000,0x0000000771080000)
  from space 10240K, 99% used [0x0000000771080000,0x0000000771a7d5d0,0x0000000771a80000)
  to   space 10240K, 0% used [0x0000000775980000,0x0000000775980000,0x0000000776380000)
 ParOldGen       total 171008K, used 99447K [0x00000006c7400000, 0x00000006d1b00000, 0x000000076d180000)
  object space 171008K, 58% used [0x00000006c7400000,0x00000006cd51de60,0x00000006d1b00000)
 Metaspace       used 6284K, capacity 6352K, committed 6400K, reserved 1056768K
  class space    used 746K, capacity 752K, committed 768K, reserved 1048576K
}
Event: 3.954 GC heap before
{Heap before GC invocations=2 (full 0):
 PSYoungGen      total 74752K, used 12168K [0x000000076d180000, 0x0000000776380000, 0x00000007c0000000)
  eden space 64512K, 3% used [0x000000076d180000,0x000000076d364d40,0x0000000771080000)
  from space 10240K, 99% used [0x0000000771080000,0x0000000771a7d5d0,0x0000000771a80000)
  to   space 10240K, 0% used [0x0000000775980000,0x0000000775980000,0x0000000776380000)
 ParOldGen       total 2717184K, used 2065527K [0x00000006c7400000, 0x000000076d180000, 0x000000076d180000)
  object space 2717184K, 76% used [0x00000006c7400000,0x000000074551dea0,0x000000076d180000)
 Metaspace       used 6330K, capacity 6448K, committed 6784K, reserved 1056768K
  class space    used 752K, capacity 784K, committed 896K, reserved 1048576K
Event: 4.406 GC heap after
Heap after GC invocations=2 (full 0):
 PSYoungGen      total 139264K, used 9344K [0x000000076d180000, 0x0000000776380000, 0x00000007c0000000)
  eden space 129024K, 0% used [0x000000076d180000,0x000000076d180000,0x0000000774f80000)
  from space 10240K, 91% used [0x0000000775980000,0x00000007762a0278,0x0000000776380000)
  to   space 10240K, 0% used [0x0000000774f80000,0x0000000774f80000,0x0000000775980000)
 ParOldGen       total 2717184K, used 2065535K [0x00000006c7400000, 0x000000076d180000, 0x000000076d180000)
  object space 2717184K, 76% used [0x00000006c7400000,0x000000074551fea0,0x000000076d180000)
 Metaspace       used 6330K, capacity 6448K, committed 6784K, reserved 1056768K
  class space    used 752K, capacity 784K, committed 896K, reserved 1048576K
}
Event: 4.406 GC heap before
{Heap before GC invocations=3 (full 0):
 PSYoungGen      total 139264K, used 9344K [0x000000076d180000, 0x0000000776380000, 0x00000007c0000000)
  eden space 129024K, 0% used [0x000000076d180000,0x000000076d180000,0x0000000774f80000)
  from space 10240K, 91% used [0x0000000775980000,0x00000007762a0278,0x0000000776380000)
  to   space 10240K, 0% used [0x0000000774f80000,0x0000000774f80000,0x0000000775980000)
 ParOldGen       total 2717184K, used 2065535K [0x00000006c7400000, 0x000000076d180000, 0x000000076d180000)
  object space 2717184K, 76% used [0x00000006c7400000,0x000000074551fea0,0x000000076d180000)
 Metaspace       used 6330K, capacity 6448K, committed 6784K, reserved 1056768K
  class space    used 752K, capacity 784K, committed 896K, reserved 1048576K
Event: 4.831 GC heap after
Heap after GC invocations=3 (full 0):
 PSYoungGen      total 139264K, used 9346K [0x000000076d180000, 0x000000077e180000, 0x00000007c0000000)
  eden space 129024K, 0% used [0x000000076d180000,0x000000076d180000,0x0000000774f80000)
  from space 10240K, 91% used [0x0000000774f80000,0x00000007758a0ba0,0x0000000775980000)
  to   space 10240K, 0% used [0x000000077d780000,0x000000077d780000,0x000000077e180000)
 ParOldGen       total 2717184K, used 2065543K [0x00000006c7400000, 0x000000076d180000, 0x000000076d180000)
  object space 2717184K, 76% used [0x00000006c7400000,0x0000000745521ea0,0x000000076d180000)
 Metaspace       used 6330K, capacity 6448K, committed 6784K, reserved 1056768K
  class space    used 752K, capacity 784K, committed 896K, reserved 1048576K
}
Event: 4.831 GC heap before
{Heap before GC invocations=4 (full 1):
 PSYoungGen      total 139264K, used 9346K [0x000000076d180000, 0x000000077e180000, 0x00000007c0000000)
  eden space 129024K, 0% used [0x000000076d180000,0x000000076d180000,0x0000000774f80000)
  from space 10240K, 91% used [0x0000000774f80000,0x00000007758a0ba0,0x0000000775980000)
  to   space 10240K, 0% used [0x000000077d780000,0x000000077d780000,0x000000077e180000)
 ParOldGen       total 2717184K, used 2065543K [0x00000006c7400000, 0x000000076d180000, 0x000000076d180000)
  object space 2717184K, 76% used [0x00000006c7400000,0x0000000745521ea0,0x000000076d180000)
 Metaspace       used 6330K, capacity 6448K, committed 6784K, reserved 1056768K
  class space    used 752K, capacity 784K, committed 896K, reserved 1048576K
Event: 5.253 GC heap after
Heap after GC invocations=4 (full 1):
 PSYoungGen      total 139264K, used 0K [0x000000076d180000, 0x000000077e180000, 0x00000007c0000000)
  eden space 129024K, 0% used [0x000000076d180000,0x000000076d180000,0x0000000774f80000)
  from space 10240K, 0% used [0x0000000774f80000,0x0000000774f80000,0x0000000775980000)
  to   space 10240K, 0% used [0x000000077d780000,0x000000077d780000,0x000000077e180000)
 ParOldGen       total 1305600K, used 1057717K [0x00000006c7400000, 0x0000000716f00000, 0x000000076d180000)
  object space 1305600K, 81% used [0x00000006c7400000,0x0000000707ced740,0x0000000716f00000)
 Metaspace       used 6330K, capacity 6448K, committed 6784K, reserved 1056768K
  class space    used 752K, capacity 784K, committed 896K, reserved 1048576K
}

