# JRE version: Java(TM) SE Runtime Environment (8.0_191-b12) (build 1.8.0_191-b12)
# Java VM: Java HotSpot(TM) 64-Bit Server VM (25.191-b12 mixed mode linux-amd64 compressed oops)
Heap:
 PSYoungGen      total 139264K, used 0K [0x000000076d180000, 0x000000077e180000, 0x00000007c0000000)
  eden space 129024K, 0% used [0x000000076d180000,0x000000076d180000,0x0000000774f80000)
  from space 10240K, 0% used [0x0000000774f80000,0x0000000774f80000,0x0000000775980000)
  to   space 10240K, 0% used [0x000000077d780000,0x000000077d780000,0x000000077e180000)
 ParOldGen       total 1321472K, used 1061258K [0x00000006c7400000, 0x0000000717e80000, 0x000000076d180000)
  object space 1321472K, 80% used [0x00000006c7400000,0x00000007080628b0,0x0000000717e80000)
 Metaspace       used 12800K, capacity 12950K, committed 13184K, reserved 1060864K
  class space    used 1583K, capacity 1622K, committed 1664K, reserved 1048576K
GC Heap History (8 events):
Event: 0.580 GC heap before
{Heap before GC invocations=1 (full 0):
 PSYoungGen      total 74752K, used 64512K [0x000000076d180000, 0x0000000772480000, 0x00000007c0000000)
  eden space 64512K, 100% used [0x000000076d180000,0x0000000771080000,0x0000000771080000)
  from space 10240K, 0% used [0x0000000771a80000,0x0000000771a80000,0x0000000772480000)
  to   space 10240K, 0% used [0x0000000771080000,0x0000000771080000,0x0000000771a80000)
 ParOldGen       total 171008K, used 0K [0x00000006c7400000, 0x00000006d1b00000, 0x000000076d180000)
  object space 171008K, 0% used [0x00000006c7400000,0x00000006c7400000,0x00000006d1b00000)
 Metaspace       used 12708K, capacity 12816K, committed 12928K, reserved 1060864K
  class space    used 1575K, capacity 1621K, committed 1664K, reserved 1048576K
Event: 0.590 GC heap after
Heap after GC invocations=1 (full 0):
 PSYoungGen      total 74752K, used 10217K [0x000000076d180000, 0x0000000776380000, 0x00000007c0000000)
  eden space 64512K, 0% used [0x000000076d180000,0x000000076d180000,0x0000000771080000)
  from space 10240K, 99% used [0x0000000771080000,0x0000000771a7a470,0x0000000771a80000)
  to   space 10240K, 0% used [0x0000000775980000,0x0000000775980000,0x0000000776380000)
 ParOldGen       total 171008K, used 4424K [0x00000006c7400000, 0x00000006d1b00000, 0x000000076d180000)
  object space 171008K, 2% used [0x00000006c7400000,0x00000006c78521a0,0x00000006d1b00000)
 Metaspace       used 12708K, capacity 12816K, committed 12928K, reserved 1060864K
  class space    used 1575K, capacity 1621K, committed 1664K, reserved 1048576K
}
Event: 3.754 GC heap before
{Heap before GC invocations=2 (full 0):
 PSYoungGen      total 74752K, used 51369K [0x000000076d180000, 0x0000000776380000, 0x00000007c0000000)
  eden space 64512K, 63% used [0x000000076d180000,0x000000076f9b0090,0x0000000771080000)
  from space 10240K, 99% used [0x0000000771080000,0x0000000771a7a470,0x0000000771a80000)
  to   space 10240K, 0% used [0x0000000775980000,0x0000000775980000,0x0000000776380000)
 ParOldGen       total 2717184K, used 2068808K [0x00000006c7400000, 0x000000076d180000, 0x000000076d180000)
  object space 2717184K, 76% used [0x00000006c7400000,0x0000000745852200,0x000000076d180000)
 Metaspace       used 12800K, capacity 12950K, committed 13184K, reserved 1060864K
  class space    used 1583K, capacity 1622K, committed 1664K, reserved 1048576K
Event: 4.260 GC heap after
Heap after GC invocations=2 (full 0):
 PSYoungGen      total 139264K, used 10224K [0x000000076d180000, 0x0000000776380000, 0x00000007c0000000)
  eden space 129024K, 0% used [0x000000076d180000,0x000000076d180000,0x0000000774f80000)
  from space 10240K, 99% used [0x0000000775980000,0x000000077637c268,0x0000000776380000)
  to   space 10240K, 0% used [0x0000000774f80000,0x0000000774f80000,0x0000000775980000)
 ParOldGen       total 2717184K, used 2070568K [0x00000006c7400000, 0x000000076d180000, 0x000000076d180000)
  object space 2717184K, 76% used [0x00000006c7400000,0x0000000745a0a180,0x000000076d180000)
 Metaspace       used 12800K, capacity 12950K, committed 13184K, reserved 1060864K
  class space    used 1583K, capacity 1622K, committed 1664K, reserved 1048576K
}
Event: 4.260 GC heap before
{Heap before GC invocations=3 (full 0):
 PSYoungGen      total 139264K, used 10224K [0x000000076d180000, 0x0000000776380000, 0x00000007c0000000)
  eden space 129024K, 0% used [0x000000076d180000,0x000000076d180000,0x0000000774f80000)
  from space 10240K, 99% used [0x0000000775980000,0x000000077637c268,0x0000000776380000)
  to   space 10240K, 0% used [0x0000000774f80000,0x0000000774f80000,0x0000000775980000)
 ParOldGen       total 2717184K, used 2070568K [0x00000006c7400000, 0x000000076d180000, 0x000000076d180000)
  object space 2717184K, 76% used [0x00000006c7400000,0x0000000745a0a180,0x000000076d180000)
 Metaspace       used 12800K, capacity 12950K, committed 13184K, reserved 1060864K
  class space    used 1583K, capacity 1622K, committed 1664K, reserved 1048576K
Event: 4.592 GC heap after
Heap after GC invocations=3 (full 0):
 PSYoungGen      total 139264K, used 10219K [0x000000076d180000, 0x000000077e180000, 0x00000007c0000000)
  eden space 129024K, 0% used [0x000000076d180000,0x000000076d180000,0x0000000774f80000)
  from space 10240K, 99% used [0x0000000774f80000,0x000000077597af58,0x0000000775980000)
  to   space 10240K, 0% used [0x000000077d780000,0x000000077d780000,0x000000077e180000)
 ParOldGen       total 2717184K, used 2070632K [0x00000006c7400000, 0x000000076d180000, 0x000000076d180000)
  object space 2717184K, 76% used [0x00000006c7400000,0x0000000745a1a180,0x000000076d180000)
 Metaspace       used 12800K, capacity 12950K, committed 13184K, reserved 1060864K
  class space    used 1583K, capacity 1622K, committed 1664K, reserved 1048576K
}
Event: 4.592 GC heap before
{Heap before GC invocations=4 (full 1):
 PSYoungGen      total 139264K, used 10219K [0x000000076d180000, 0x000000077e180000, 0x00000007c0000000)
  eden space 129024K, 0% used [0x000000076d180000,0x000000076d180000,0x0000000774f80000)
  from space 10240K, 99% used [0x0000000774f80000,0x000000077597af58,0x0000000775980000)
  to   space 10240K, 0% used [0x000000077d780000,0x000000077d780000,0x000000077e180000)
 ParOldGen       total 2717184K, used 2070632K [0x00000006c7400000, 0x000000076d180000, 0x000000076d180000)
  object space 2717184K, 76% used [0x00000006c7400000,0x0000000745a1a180,0x000000076d180000)
 Metaspace       used 12800K, capacity 12950K, committed 13184K, reserved 1060864K
  class space    used 1583K, capacity 1622K, committed 1664K, reserved 1048576K
Event: 5.520 GC heap after
Heap after GC invocations=4 (full 1):
 PSYoungGen      total 139264K, used 0K [0x000000076d180000, 0x000000077e180000, 0x00000007c0000000)
  eden space 129024K, 0% used [0x000000076d180000,0x000000076d180000,0x0000000774f80000)
  from space 10240K, 0% used [0x0000000774f80000,0x0000000774f80000,0x0000000775980000)
  to   space 10240K, 0% used [0x000000077d780000,0x000000077d780000,0x000000077e180000)
 ParOldGen       total 1321472K, used 1061258K [0x00000006c7400000, 0x0000000717e80000, 0x000000076d180000)
  object space 1321472K, 80% used [0x00000006c7400000,0x00000007080628b0,0x0000000717e80000)
 Metaspace       used 12800K, capacity 12950K, committed 13184K, reserved 1060864K
  class space    used 1583K, capacity 1622K, committed 1664K, reserved 1048576K
}

